Finale Links: [
  { href: 'https://wsopga.me/D3nYjk', date: '2025-03-14' },
  { href: 'https://wsopga.me/aOP2Lk', date: '2025-03-14' },
  { href: 'https://wsopga.me/0K97bd', date: '2025-03-14' },
  { href: 'https://wsopga.me/2VO1Q4', date: '2025-03-14' },
  { href: 'https://wsopga.me/o8GLJ3', date: '2025-03-14' },
  { href: 'https://wsopga.me/GZeYmq', date: '2025-03-14' },
  { href: 'https://wsopga.me/aOP270', date: '2025-03-14' },
  { href: 'https://wsopga.me/aOP2ZP', date: '2025-03-14' },
  { href: 'https://wsopga.me/KbBvYJ', date: '2025-03-14' },
  { href: 'https://wsopga.me/4EDpnb', date: '2025-03-14' },
  { href: 'https://wsopga.me/qzL6Qk', date: '2025-03-14' },
  { href: 'https://wsopga.me/kz5N93', date: '2025-03-14' },
  { href: 'https://wsopga.me/wmEzVN', date: '2025-03-14' },
  { href: 'https://wsopga.me/o8GeMW', date: '2025-03-14' },
  { href: 'https://wsopga.me/GZeJ33', date: '2025-03-14' },
  { href: 'https://wsopga.me/56d2wv', date: '2025-03-14' },
  { href: 'https://wsopga.me/aOP11a', date: '2025-03-14' },
  { href: 'https://wsopga.me/nkbwwR', date: '2025-03-14' },
  { href: 'https://wsopga.me/D3noJ5', date: '2025-03-14' },
  { href: 'https://wsopga.me/GZeobX', date: '2025-03-14' },
  { href: 'https://wsopga.me/80mP5L', date: '2025-03-14' },
  { href: 'https://wsopga.me/jZ8Pp0', date: '2025-03-14' },
  { href: 'https://wsopga.me/E5BYdv', date: '2025-03-14' },
  { href: 'https://wsopga.me/E5BYdq', date: '2025-03-14' },
  { href: 'https://wsopga.me/80mPMg', date: '2025-03-14' },
  { href: 'https://wsopga.me/V1mLXm', date: '2025-03-14' },
  { href: 'https://wsopga.me/eeP30d', date: '2025-03-14' },
  {
    href: 'https://wsopga.me/redeem?promoCode=BD6914E4-32AA-42C4-BF7C-7C679BBA97D4',
    date: '2025-03-14'
  },
  { href: 'https://wsopga.me/4EDMmY', date: '2025-03-14' },
  { href: 'https://wsopga.me/KbBAR0', date: '2025-03-14' },
  { href: 'https://wsopga.me/aOPzvV', date: '2025-03-14' },
  { href: 'https://wsopga.me/nkbRvV', date: '2025-03-14' },
  { href: 'https://wsopga.me/56dAd4', date: '2025-03-14' },
  { href: 'https://wsopga.me/jZ8X88', date: '2025-03-14' },
  { href: 'https://wsopga.me/3LZaVe', date: '2025-03-14' },
  { href: 'https://wsopga.me/kz5RVO', date: '2025-03-14' },
  { href: 'https://wsopga.me/R10q6N', date: '2025-03-14' },
  { href: 'https://wsopga.me/D3nqpE', date: '2025-03-14' },
  { href: 'https://wsopga.me/O1PqVG', date: '2025-03-14' },
  { href: 'https://wsopga.me/E5BqO1', date: '2025-03-14' },
  { href: 'https://wsopga.me/jZ8O5E', date: '2025-03-14' },
  { href: 'https://wsopga.me/jZ8wXN', date: '2025-03-14' },
  { href: 'https://wsopga.me/KbBovJ', date: '2025-03-14' },
  { href: 'https://wsopga.me/KbBoop', date: '2025-03-14' },
  { href: 'https://wsopga.me/aOP11P', date: '2025-03-14' },
  { href: 'https://wsopga.me/eePZDK', date: '2025-03-14' },
  { href: 'https://wsopga.me/GZeYJj', date: '2025-03-14' },
  { href: 'https://wsopga.me/dew1MW', date: '2025-03-14' },
  { href: 'https://wsopga.me/56d82n', date: '2025-03-14' },
  { href: 'https://wsopga.me/jZ8P9E', date: '2025-03-14' },
  {
    href: 'https://wsopga.me/redeem?promoCode=F6ED817E-D660-4C94-8D1A-F6053B898AF1',
    date: '2025-03-14'
  },
  {
    href: 'https://wsopga.me/redeem?promoCode=0C1EB863-364A-442E-BDCA-DAC11EBE207C',
    date: '2025-03-14'
  },
  { href: 'https://wsopga.me/o8G03E', date: '2025-03-12' },
  { href: 'https://wsopga.me/R10QK3', date: '2025-03-12' },
  { href: 'https://wsopga.me/56db5Y', date: '2025-03-12' },
  { href: 'https://wsopga.me/80mQ1b', date: '2025-03-12' },
  {
    href: 'https://wsopga.me/redeem?promoCode=41B28F69-9BE7-4CD8-B460-4006586C6C7A',
    date: '2025-03-12'
  },
  { href: 'https://wsopga.me/wmERaV', date: '2025-03-12' },
  { href: 'https://wsopga.me/qzLvY7', date: '2025-03-12' },
  { href: 'https://wsopga.me/0K9L2L', date: '2025-03-12' },
  { href: 'https://wsopga.me/O1Pqkk', date: '2025-03-12' },
  { href: 'https://wsopga.me/D3nqB8', date: '2025-03-12' },
  { href: 'https://wsopga.me/R10qAL', date: '2025-03-12' },
  {
    href: 'https://wsopga.me/redeem?promoCode=93BF6E47-1E11-4E32-9CE0-FC56B168A731',
    date: '2025-03-12'
  },
  { href: 'https://wsopga.me/eePWeO', date: '2025-03-12' },
  { href: 'https://wsopga.me/o8G0Ka', date: '2025-03-12' },
  { href: 'https://wsopga.me/GZewkM', date: '2025-03-12' },
  { href: 'https://wsopga.me/4EDb7b', date: '2025-03-12' },
  { href: 'https://wsopga.me/o8G0Dv', date: '2025-03-12' },
  { href: 'https://wsopga.me/GZewaY', date: '2025-03-12' },
  { href: 'https://wsopga.me/dewWR6', date: '2025-03-12' },
  { href: 'https://wsopga.me/E5BeMw', date: '2025-03-12' },
  { href: 'https://wsopga.me/jZ8LkN', date: '2025-03-12' },
  { href: 'https://wsopga.me/KbBQLJ', date: '2025-03-12' },
  { href: 'https://wsopga.me/aOPWXP', date: '2025-03-12' },
  { href: 'https://wsopga.me/KbBQmp', date: '2025-03-12' },
  { href: 'https://wsopga.me/V1mYPN', date: '2025-03-12' },
  { href: 'https://wsopga.me/eePWBK', date: '2025-03-12' },
  { href: 'https://wsopga.me/56dJoY', date: '2025-03-12' },
  { href: 'https://wsopga.me/O1PLY8', date: '2025-03-12' },
  { href: 'https://wsopga.me/jZ84wN', date: '2025-03-12' },
  { href: 'https://wsopga.me/E5BWow', date: '2025-03-12' },
  { href: 'https://wsopga.me/D3nWYv', date: '2025-03-12' },
  { href: 'https://wsopga.me/56d0Zn', date: '2025-03-12' },
  { href: 'https://wsopga.me/GZeqjj', date: '2025-03-12' },
  { href: 'https://wsopga.me/dewzjW', date: '2025-03-12' },
  { href: 'https://wsopga.me/3LZaKK', date: '2025-03-12' },
  { href: 'https://wsopga.me/R10qv3', date: '2025-03-12' },
  { href: 'https://wsopga.me/aOP4wv', date: '2025-03-12' },
  { href: 'https://wsopga.me/KbBNnv', date: '2025-03-12' },
  { href: 'https://wsopga.me/wmEqpA', date: '2025-03-12' },
  { href: 'https://wsopga.me/4EDGPe', date: '2025-03-12' },
  { href: 'https://wsopga.me/E5BAkQ', date: '2025-03-12' },
  { href: 'https://wsopga.me/D3nqGq', date: '2025-03-12' },
  { href: 'https://wsopga.me/O1PqzJ', date: '2025-03-12' },
  { href: 'https://wsopga.me/0K9Lpv', date: '2025-03-12' },
  { href: 'https://wsopga.me/o8GzKW', date: '2025-03-12' },
  { href: 'https://wsopga.me/dewznw', date: '2025-03-12' },
  { href: 'https://wsopga.me/56d0L7', date: '2025-03-12' },
  { href: 'https://wsopga.me/kz5Rk5', date: '2025-03-12' }
]
HTML-Datei wurde gespeichert unter _includes/wsop.html
